<?xml version="1.0" encoding="UTF-8"?>
<robot generator="Robot 7.2.2 (Python 3.12.4 on win32)" generated="2025-05-26T10:43:54.487649" rpa="false" schemaversion="5">
<suite id="s1" name="Robottests" source="C:\Users\larissapacheco\Documents\robot-framework\robottests">
<suite id="s1-s1" name="APItest" source="C:\Users\larissapacheco\Documents\robot-framework\robottests\APItest">
<suite id="s1-s1-s1" name="DELETE" source="C:\Users\larissapacheco\Documents\robot-framework\robottests\APItest\DELETE.robot">
<test id="s1-s1-s1-t1" name="API pública" line="5">
<kw name="Create Session" owner="RequestsLibrary">
<msg time="2025-05-26T10:43:54.941414" level="INFO">Creating Session using : alias=jsonplaceholder, url=https://jsonplaceholder.typicode.com, headers={},                     cookies={}, auth=None, timeout=None, proxies=None, verify=False,                     debug=0 </msg>
<arg>jsonplaceholder</arg>
<arg>https://jsonplaceholder.typicode.com</arg>
<doc>Create Session: create a HTTP session to a server</doc>
<status status="PASS" start="2025-05-26T10:43:54.941414" elapsed="0.000000"/>
</kw>
<kw name="DELETE On Session" owner="RequestsLibrary">
<msg time="2025-05-26T10:43:55.175527" level="INFO">DELETE Request : url=https://jsonplaceholder.typicode.com/posts/1 
 path_url=/posts/1 
 headers={'User-Agent': 'python-requests/2.32.3', 'Accept-Encoding': 'gzip, deflate', 'Accept': '*/*', 'Connection': 'keep-alive', 'Content-Length': '0'} 
 body=None 
 </msg>
<msg time="2025-05-26T10:43:55.175527" level="INFO">DELETE Response : url=https://jsonplaceholder.typicode.com/posts/1 
 status=200, reason=OK 
 headers={'Date': 'Mon, 26 May 2025 13:43:55 GMT', 'Content-Type': 'application/json; charset=utf-8', 'Transfer-Encoding': 'chunked', 'Connection': 'keep-alive', 'Access-Control-Allow-Credentials': 'true', 'Cache-Control': 'no-cache', 'Etag': 'W/"2-vyGp6PvFo4RvsFtPoIWeCReyIC8"', 'Expires': '-1', 'Nel': '{"report_to":"heroku-nel","response_headers":["Via"],"max_age":3600,"success_fraction":0.01,"failure_fraction":0.1}', 'Pragma': 'no-cache', 'Report-To': '{"group":"heroku-nel","endpoints":[{"url":"https://nel.heroku.com/reports?s=Jmwn6VI1NL5HH8T9VX%2BYgKvzNmp3wwuuQMeF8pcmNwk%3D\\u0026sid=e11707d5-02a7-43ef-b45e-2cf4d2036f7d\\u0026ts=1748267035"}],"max_age":3600}', 'Reporting-Endpoints': 'heroku-nel="https://nel.heroku.com/reports?s=Jmwn6VI1NL5HH8T9VX%2BYgKvzNmp3wwuuQMeF8pcmNwk%3D&amp;sid=e11707d5-02a7-43ef-b45e-2cf4d2036f7d&amp;ts=1748267035"', 'Server': 'cloudflare', 'Vary': 'Origin, Accept-Encoding', 'Via': '2.0 heroku-router', 'X-Content-Type-Options': 'nosniff', 'X-Powered-By': 'Express', 'X-Ratelimit-Limit': '1000', 'X-Ratelimit-Remaining': '999', 'X-Ratelimit-Reset': '1748267068', 'Cf-Cache-Status': 'DYNAMIC', 'Content-Encoding': 'gzip', 'CF-RAY': '945db44c3f21dec6-GRU', 'alt-svc': 'h3=":443"; ma=86400'} 
 body={} 
 </msg>
<msg time="2025-05-26T10:43:55.175527" level="INFO">C:\Users\larissapacheco\AppData\Local\Programs\Python\Python312\Lib\site-packages\urllib3\connectionpool.py:1097: InsecureRequestWarning: Unverified HTTPS request is being made to host 'jsonplaceholder.typicode.com'. Adding certificate verification is strongly advised. See: https://urllib3.readthedocs.io/en/latest/advanced-usage.html#tls-warnings
  warnings.warn(</msg>
<msg time="2025-05-26T10:43:55.176519" level="INFO">${response} = &lt;Response [200]&gt;</msg>
<var>${response}</var>
<arg>jsonplaceholder</arg>
<arg>/posts/1</arg>
<doc>Sends a DELETE request on a previously created HTTP Session.</doc>
<status status="PASS" start="2025-05-26T10:43:54.941414" elapsed="0.235105"/>
</kw>
<kw name="Log" owner="BuiltIn">
<msg time="2025-05-26T10:43:55.177522" level="INFO">200</msg>
<arg>${response.status_code}</arg>
<doc>Logs the given message with the given level.</doc>
<status status="PASS" start="2025-05-26T10:43:55.176519" elapsed="0.001003"/>
</kw>
<status status="PASS" start="2025-05-26T10:43:54.941414" elapsed="0.237103"/>
</test>
<status status="PASS" start="2025-05-26T10:43:54.534521" elapsed="0.644996"/>
</suite>
<suite id="s1-s1-s2" name="GET" source="C:\Users\larissapacheco\Documents\robot-framework\robottests\APItest\GET.robot">
<test id="s1-s1-s2-t1" name="Consulta GET em API pública" line="5">
<kw name="Create Session" owner="RequestsLibrary">
<msg time="2025-05-26T10:43:55.182523" level="INFO">Creating Session using : alias=jsonplaceholder, url=https://jsonplaceholder.typicode.com, headers={},                     cookies={}, auth=None, timeout=None, proxies=None, verify=False,                     debug=0 </msg>
<arg>jsonplaceholder</arg>
<arg>https://jsonplaceholder.typicode.com</arg>
<doc>Create Session: create a HTTP session to a server</doc>
<status status="PASS" start="2025-05-26T10:43:55.182523" elapsed="0.000000"/>
</kw>
<kw name="GET On Session" owner="RequestsLibrary">
<msg time="2025-05-26T10:43:55.248543" level="INFO">GET Request : url=https://jsonplaceholder.typicode.com/posts/1 
 path_url=/posts/1 
 headers={'User-Agent': 'python-requests/2.32.3', 'Accept-Encoding': 'gzip, deflate', 'Accept': '*/*', 'Connection': 'keep-alive'} 
 body=None 
 </msg>
<msg time="2025-05-26T10:43:55.248543" level="INFO">GET Response : url=https://jsonplaceholder.typicode.com/posts/1 
 status=200, reason=OK 
 headers={'Date': 'Mon, 26 May 2025 13:43:55 GMT', 'Content-Type': 'application/json; charset=utf-8', 'Transfer-Encoding': 'chunked', 'Connection': 'keep-alive', 'Server': 'cloudflare', 'Report-To': '{"group":"heroku-nel","max_age":3600,"endpoints":[{"url":"https://nel.heroku.com/reports?ts=1745348600&amp;sid=e11707d5-02a7-43ef-b45e-2cf4d2036f7d&amp;s=5HBqqFMplkJWe9eu6wzpuo6Kk5ibNqG4lCwaNQY4VXI%3D"}]}', 'Reporting-Endpoints': 'heroku-nel=https://nel.heroku.com/reports?ts=1745348600&amp;sid=e11707d5-02a7-43ef-b45e-2cf4d2036f7d&amp;s=5HBqqFMplkJWe9eu6wzpuo6Kk5ibNqG4lCwaNQY4VXI%3D', 'Nel': '{"report_to":"heroku-nel","max_age":3600,"success_fraction":0.005,"failure_fraction":0.05,"response_headers":["Via"]}', 'X-Powered-By': 'Express', 'X-Ratelimit-Limit': '1000', 'X-Ratelimit-Remaining': '999', 'X-Ratelimit-Reset': '1745348653', 'Vary': 'Origin, Accept-Encoding', 'Access-Control-Allow-Credentials': 'true', 'Cache-Control': 'max-age=43200', 'Pragma': 'no-cache', 'Expires': '-1', 'X-Content-Type-Options': 'nosniff', 'Etag': 'W/"124-yiKdLzqO5gfBrJFrcdJ8Yq0LGnU"', 'Via': '1.1 vegur', 'Age': '12802', 'Cf-Cache-Status': 'HIT', 'Content-Encoding': 'gzip', 'CF-RAY': '945db44d6eaa6228-GRU', 'alt-svc': 'h3=":443"; ma=86400'} 
 body={
  "userId": 1,
  "id": 1,
  "title": "sunt aut facere repellat provident occaecati excepturi optio reprehenderit",
  "body": "quia et suscipit\nsuscipit recusandae consequuntur expedita et cum\nreprehenderit molestiae ut ut quas totam\nnostrum rerum est autem sunt rem eveniet architecto"
} 
 </msg>
<msg time="2025-05-26T10:43:55.248543" level="INFO">C:\Users\larissapacheco\AppData\Local\Programs\Python\Python312\Lib\site-packages\urllib3\connectionpool.py:1097: InsecureRequestWarning: Unverified HTTPS request is being made to host 'jsonplaceholder.typicode.com'. Adding certificate verification is strongly advised. See: https://urllib3.readthedocs.io/en/latest/advanced-usage.html#tls-warnings
  warnings.warn(</msg>
<msg time="2025-05-26T10:43:55.248543" level="INFO">${response} = &lt;Response [200]&gt;</msg>
<var>${response}</var>
<arg>jsonplaceholder</arg>
<arg>/posts/1</arg>
<doc>Sends a GET request on a previously created HTTP Session.</doc>
<status status="PASS" start="2025-05-26T10:43:55.182523" elapsed="0.066020"/>
</kw>
<kw name="Log" owner="BuiltIn">
<msg time="2025-05-26T10:43:55.248543" level="INFO">{'userId': 1, 'id': 1, 'title': 'sunt aut facere repellat provident occaecati excepturi optio reprehenderit', 'body': 'quia et suscipit\nsuscipit recusandae consequuntur expedita et cum\nreprehenderit molestiae ut ut quas totam\nnostrum rerum est autem sunt rem eveniet architecto'}</msg>
<arg>${response.json()}</arg>
<doc>Logs the given message with the given level.</doc>
<status status="PASS" start="2025-05-26T10:43:55.248543" elapsed="0.000000"/>
</kw>
<status status="PASS" start="2025-05-26T10:43:55.182523" elapsed="0.066020"/>
</test>
<status status="PASS" start="2025-05-26T10:43:55.180517" elapsed="0.068026"/>
</suite>
<suite id="s1-s1-s3" name="POST" source="C:\Users\larissapacheco\Documents\robot-framework\robottests\APItest\POST.robot">
<test id="s1-s1-s3-t1" name="API pública" line="5">
<kw name="Create Session" owner="RequestsLibrary">
<msg time="2025-05-26T10:43:55.248543" level="INFO">Creating Session using : alias=jsonplaceholder, url=https://jsonplaceholder.typicode.com, headers={},                     cookies={}, auth=None, timeout=None, proxies=None, verify=False,                     debug=0 </msg>
<arg>jsonplaceholder</arg>
<arg>https://jsonplaceholder.typicode.com</arg>
<doc>Create Session: create a HTTP session to a server</doc>
<status status="PASS" start="2025-05-26T10:43:55.248543" elapsed="0.000000"/>
</kw>
<kw name="Create Dictionary" owner="BuiltIn">
<msg time="2025-05-26T10:43:55.248543" level="INFO">${headers} = {'Content-Type': 'application/json'}</msg>
<var>${headers}</var>
<arg>Content-Type=application/json</arg>
<doc>Creates and returns a dictionary based on the given ``items``.</doc>
<status status="PASS" start="2025-05-26T10:43:55.248543" elapsed="0.000000"/>
</kw>
<kw name="Create Dictionary" owner="BuiltIn">
<msg time="2025-05-26T10:43:55.248543" level="INFO">${body} = {'title': 'foo', 'body': 'bar', 'userId': '1'}</msg>
<var>${body}</var>
<arg>title=foo</arg>
<arg>body=bar</arg>
<arg>userId=1</arg>
<doc>Creates and returns a dictionary based on the given ``items``.</doc>
<status status="PASS" start="2025-05-26T10:43:55.248543" elapsed="0.000000"/>
</kw>
<kw name="POST On Session" owner="RequestsLibrary">
<msg time="2025-05-26T10:43:55.644131" level="INFO">POST Request : url=https://jsonplaceholder.typicode.com/posts 
 path_url=/posts 
 headers={'User-Agent': 'python-requests/2.32.3', 'Accept-Encoding': 'gzip, deflate', 'Accept': '*/*', 'Connection': 'keep-alive', 'Content-Type': 'application/json', 'Content-Length': '46'} 
 body=b'{"title": "foo", "body": "bar", "userId": "1"}' 
 </msg>
<msg time="2025-05-26T10:43:55.644131" level="INFO">POST Response : url=https://jsonplaceholder.typicode.com/posts 
 status=201, reason=Created 
 headers={'Date': 'Mon, 26 May 2025 13:43:56 GMT', 'Content-Type': 'application/json; charset=utf-8', 'Content-Length': '67', 'Connection': 'keep-alive', 'Access-Control-Allow-Credentials': 'true', 'Access-Control-Expose-Headers': 'Location', 'Cache-Control': 'no-cache', 'Etag': 'W/"43-e0UvNeXth+6+06UFNnGIVUOlAcw"', 'Expires': '-1', 'Location': 'https://jsonplaceholder.typicode.com/posts/101', 'Nel': '{"report_to":"heroku-nel","response_headers":["Via"],"max_age":3600,"success_fraction":0.01,"failure_fraction":0.1}', 'Pragma': 'no-cache', 'Report-To': '{"group":"heroku-nel","endpoints":[{"url":"https://nel.heroku.com/reports?s=Mk%2FJ8RvvbUyZb%2FkICJRQQQ%2B5ruwsTrPO7uDmOa9%2FSZ8%3D\\u0026sid=e11707d5-02a7-43ef-b45e-2cf4d2036f7d\\u0026ts=1748267036"}],"max_age":3600}', 'Reporting-Endpoints': 'heroku-nel="https://nel.heroku.com/reports?s=Mk%2FJ8RvvbUyZb%2FkICJRQQQ%2B5ruwsTrPO7uDmOa9%2FSZ8%3D&amp;sid=e11707d5-02a7-43ef-b45e-2cf4d2036f7d&amp;ts=1748267036"', 'Server': 'cloudflare', 'Vary': 'Origin, X-HTTP-Method-Override, Accept-Encoding', 'Via': '2.0 heroku-router', 'X-Content-Type-Options': 'nosniff', 'X-Powered-By': 'Express', 'X-Ratelimit-Limit': '1000', 'X-Ratelimit-Remaining': '998', 'X-Ratelimit-Reset': '1748267068', 'Cf-Cache-Status': 'DYNAMIC', 'CF-RAY': '945db44dd89cf1f5-GRU', 'alt-svc': 'h3=":443"; ma=86400'} 
 body={
  "title": "foo",
  "body": "bar",
  "userId": "1",
  "id": 101
} 
 </msg>
<msg time="2025-05-26T10:43:55.644131" level="INFO">C:\Users\larissapacheco\AppData\Local\Programs\Python\Python312\Lib\site-packages\urllib3\connectionpool.py:1097: InsecureRequestWarning: Unverified HTTPS request is being made to host 'jsonplaceholder.typicode.com'. Adding certificate verification is strongly advised. See: https://urllib3.readthedocs.io/en/latest/advanced-usage.html#tls-warnings
  warnings.warn(</msg>
<msg time="2025-05-26T10:43:55.644131" level="INFO">${response} = &lt;Response [201]&gt;</msg>
<var>${response}</var>
<arg>jsonplaceholder</arg>
<arg>/posts</arg>
<arg>json=${body}</arg>
<arg>headers=${headers}</arg>
<doc>Sends a POST request on a previously created HTTP Session.</doc>
<status status="PASS" start="2025-05-26T10:43:55.248543" elapsed="0.395588"/>
</kw>
<kw name="Log" owner="BuiltIn">
<msg time="2025-05-26T10:43:55.644131" level="INFO">{'title': 'foo', 'body': 'bar', 'userId': '1', 'id': 101}</msg>
<arg>${response.json()}</arg>
<doc>Logs the given message with the given level.</doc>
<status status="PASS" start="2025-05-26T10:43:55.644131" elapsed="0.000000"/>
</kw>
<status status="PASS" start="2025-05-26T10:43:55.248543" elapsed="0.395588"/>
</test>
<status status="PASS" start="2025-05-26T10:43:55.248543" elapsed="0.395588"/>
</suite>
<suite id="s1-s1-s4" name="PUT" source="C:\Users\larissapacheco\Documents\robot-framework\robottests\APItest\PUT.robot">
<test id="s1-s1-s4-t1" name="API pública" line="5">
<kw name="Create Session" owner="RequestsLibrary">
<msg time="2025-05-26T10:43:55.659836" level="INFO">Creating Session using : alias=jsonplaceholder, url=https://jsonplaceholder.typicode.com, headers={},                     cookies={}, auth=None, timeout=None, proxies=None, verify=False,                     debug=0 </msg>
<arg>jsonplaceholder</arg>
<arg>https://jsonplaceholder.typicode.com</arg>
<doc>Create Session: create a HTTP session to a server</doc>
<status status="PASS" start="2025-05-26T10:43:55.659836" elapsed="0.000000"/>
</kw>
<kw name="Create Dictionary" owner="BuiltIn">
<msg time="2025-05-26T10:43:55.659836" level="INFO">${headers} = {'Content-Type': 'application/json'}</msg>
<var>${headers}</var>
<arg>Content-Type=application/json</arg>
<doc>Creates and returns a dictionary based on the given ``items``.</doc>
<status status="PASS" start="2025-05-26T10:43:55.659836" elapsed="0.000000"/>
</kw>
<kw name="Create Dictionary" owner="BuiltIn">
<msg time="2025-05-26T10:43:55.659836" level="INFO">${body} = {'id': '1', 'title': 'updated', 'body': 'updated body', 'userId': '1'}</msg>
<var>${body}</var>
<arg>id=1</arg>
<arg>title=updated</arg>
<arg>body=updated body</arg>
<arg>userId=1</arg>
<doc>Creates and returns a dictionary based on the given ``items``.</doc>
<status status="PASS" start="2025-05-26T10:43:55.659836" elapsed="0.000000"/>
</kw>
<kw name="PUT On Session" owner="RequestsLibrary">
<msg time="2025-05-26T10:43:56.067522" level="INFO">PUT Request : url=https://jsonplaceholder.typicode.com/posts/1 
 path_url=/posts/1 
 headers={'User-Agent': 'python-requests/2.32.3', 'Accept-Encoding': 'gzip, deflate', 'Accept': '*/*', 'Connection': 'keep-alive', 'Content-Type': 'application/json', 'Content-Length': '70'} 
 body=b'{"id": "1", "title": "updated", "body": "updated body", "userId": "1"}' 
 </msg>
<msg time="2025-05-26T10:43:56.067522" level="INFO">PUT Response : url=https://jsonplaceholder.typicode.com/posts/1 
 status=200, reason=OK 
 headers={'Date': 'Mon, 26 May 2025 13:43:56 GMT', 'Content-Type': 'application/json; charset=utf-8', 'Transfer-Encoding': 'chunked', 'Connection': 'keep-alive', 'Access-Control-Allow-Credentials': 'true', 'Cache-Control': 'no-cache', 'Etag': 'W/"4e-IQuP4bqLrlreJVQFjjEjg4zP80I"', 'Expires': '-1', 'Nel': '{"report_to":"heroku-nel","response_headers":["Via"],"max_age":3600,"success_fraction":0.01,"failure_fraction":0.1}', 'Pragma': 'no-cache', 'Report-To': '{"group":"heroku-nel","endpoints":[{"url":"https://nel.heroku.com/reports?s=Mk%2FJ8RvvbUyZb%2FkICJRQQQ%2B5ruwsTrPO7uDmOa9%2FSZ8%3D\\u0026sid=e11707d5-02a7-43ef-b45e-2cf4d2036f7d\\u0026ts=1748267036"}],"max_age":3600}', 'Reporting-Endpoints': 'heroku-nel="https://nel.heroku.com/reports?s=Mk%2FJ8RvvbUyZb%2FkICJRQQQ%2B5ruwsTrPO7uDmOa9%2FSZ8%3D&amp;sid=e11707d5-02a7-43ef-b45e-2cf4d2036f7d&amp;ts=1748267036"', 'Server': 'cloudflare', 'Vary': 'Origin, Accept-Encoding', 'Via': '2.0 heroku-router', 'X-Content-Type-Options': 'nosniff', 'X-Powered-By': 'Express', 'X-Ratelimit-Limit': '1000', 'X-Ratelimit-Remaining': '997', 'X-Ratelimit-Reset': '1748267068', 'Cf-Cache-Status': 'DYNAMIC', 'Content-Encoding': 'gzip', 'CF-RAY': '945db4506d256230-GRU', 'alt-svc': 'h3=":443"; ma=86400'} 
 body={
  "id": 1,
  "title": "updated",
  "body": "updated body",
  "userId": "1"
} 
 </msg>
<msg time="2025-05-26T10:43:56.067522" level="INFO">C:\Users\larissapacheco\AppData\Local\Programs\Python\Python312\Lib\site-packages\urllib3\connectionpool.py:1097: InsecureRequestWarning: Unverified HTTPS request is being made to host 'jsonplaceholder.typicode.com'. Adding certificate verification is strongly advised. See: https://urllib3.readthedocs.io/en/latest/advanced-usage.html#tls-warnings
  warnings.warn(</msg>
<msg time="2025-05-26T10:43:56.067522" level="INFO">${response} = &lt;Response [200]&gt;</msg>
<var>${response}</var>
<arg>jsonplaceholder</arg>
<arg>/posts/1</arg>
<arg>json=${body}</arg>
<arg>headers=${headers}</arg>
<doc>Sends a PUT request on a previously created HTTP Session.</doc>
<status status="PASS" start="2025-05-26T10:43:55.659836" elapsed="0.407686"/>
</kw>
<kw name="Log" owner="BuiltIn">
<msg time="2025-05-26T10:43:56.067522" level="INFO">{'id': 1, 'title': 'updated', 'body': 'updated body', 'userId': '1'}</msg>
<arg>${response.json()}</arg>
<doc>Logs the given message with the given level.</doc>
<status status="PASS" start="2025-05-26T10:43:56.067522" elapsed="0.000000"/>
</kw>
<status status="PASS" start="2025-05-26T10:43:55.659836" elapsed="0.407686"/>
</test>
<status status="PASS" start="2025-05-26T10:43:55.644131" elapsed="0.434776"/>
</suite>
<suite id="s1-s1-s5" name="Testesdiversos" source="C:\Users\larissapacheco\Documents\robot-framework\robottests\APItest\testesdiversos.robot">
<test id="s1-s1-s5-t1" name="GET - Buscar post por ID" line="9">
<kw name="Create Session" owner="RequestsLibrary">
<msg time="2025-05-26T10:43:56.078907" level="INFO">Creating Session using : alias=jsonplaceholder, url=https://jsonplaceholder.typicode.com, headers={},                     cookies={}, auth=None, timeout=None, proxies=None, verify=False,                     debug=0 </msg>
<arg>jsonplaceholder</arg>
<arg>${BASE_URL}</arg>
<doc>Create Session: create a HTTP session to a server</doc>
<status status="PASS" start="2025-05-26T10:43:56.078907" elapsed="0.000000"/>
</kw>
<kw name="GET On Session" owner="RequestsLibrary">
<msg time="2025-05-26T10:43:56.183732" level="INFO">GET Request : url=https://jsonplaceholder.typicode.com/posts/1 
 path_url=/posts/1 
 headers={'User-Agent': 'python-requests/2.32.3', 'Accept-Encoding': 'gzip, deflate', 'Accept': '*/*', 'Connection': 'keep-alive'} 
 body=None 
 </msg>
<msg time="2025-05-26T10:43:56.183732" level="INFO">GET Response : url=https://jsonplaceholder.typicode.com/posts/1 
 status=200, reason=OK 
 headers={'Date': 'Mon, 26 May 2025 13:43:56 GMT', 'Content-Type': 'application/json; charset=utf-8', 'Transfer-Encoding': 'chunked', 'Connection': 'keep-alive', 'Server': 'cloudflare', 'Report-To': '{"group":"heroku-nel","max_age":3600,"endpoints":[{"url":"https://nel.heroku.com/reports?ts=1745348600&amp;sid=e11707d5-02a7-43ef-b45e-2cf4d2036f7d&amp;s=5HBqqFMplkJWe9eu6wzpuo6Kk5ibNqG4lCwaNQY4VXI%3D"}]}', 'Reporting-Endpoints': 'heroku-nel=https://nel.heroku.com/reports?ts=1745348600&amp;sid=e11707d5-02a7-43ef-b45e-2cf4d2036f7d&amp;s=5HBqqFMplkJWe9eu6wzpuo6Kk5ibNqG4lCwaNQY4VXI%3D', 'Nel': '{"report_to":"heroku-nel","max_age":3600,"success_fraction":0.005,"failure_fraction":0.05,"response_headers":["Via"]}', 'X-Powered-By': 'Express', 'X-Ratelimit-Limit': '1000', 'X-Ratelimit-Remaining': '999', 'X-Ratelimit-Reset': '1745348653', 'Vary': 'Origin, Accept-Encoding', 'Access-Control-Allow-Credentials': 'true', 'Cache-Control': 'max-age=43200', 'Pragma': 'no-cache', 'Expires': '-1', 'X-Content-Type-Options': 'nosniff', 'Etag': 'W/"124-yiKdLzqO5gfBrJFrcdJ8Yq0LGnU"', 'Via': '1.1 vegur', 'Age': '12803', 'Cf-Cache-Status': 'HIT', 'Content-Encoding': 'gzip', 'CF-RAY': '945db453383f6279-GRU', 'alt-svc': 'h3=":443"; ma=86400'} 
 body={
  "userId": 1,
  "id": 1,
  "title": "sunt aut facere repellat provident occaecati excepturi optio reprehenderit",
  "body": "quia et suscipit\nsuscipit recusandae consequuntur expedita et cum\nreprehenderit molestiae ut ut quas totam\nnostrum rerum est autem sunt rem eveniet architecto"
} 
 </msg>
<msg time="2025-05-26T10:43:56.183732" level="INFO">C:\Users\larissapacheco\AppData\Local\Programs\Python\Python312\Lib\site-packages\urllib3\connectionpool.py:1097: InsecureRequestWarning: Unverified HTTPS request is being made to host 'jsonplaceholder.typicode.com'. Adding certificate verification is strongly advised. See: https://urllib3.readthedocs.io/en/latest/advanced-usage.html#tls-warnings
  warnings.warn(</msg>
<msg time="2025-05-26T10:43:56.183732" level="INFO">${response} = &lt;Response [200]&gt;</msg>
<var>${response}</var>
<arg>jsonplaceholder</arg>
<arg>/posts/1</arg>
<doc>Sends a GET request on a previously created HTTP Session.</doc>
<status status="PASS" start="2025-05-26T10:43:56.078907" elapsed="0.104825"/>
</kw>
<kw name="Should Be Equal As Integers" owner="BuiltIn">
<msg time="2025-05-26T10:43:56.183732" level="INFO">Argument types are:
&lt;class 'int'&gt;
&lt;class 'str'&gt;</msg>
<arg>${response.status_code}</arg>
<arg>200</arg>
<doc>Fails if objects are unequal after converting them to integers.</doc>
<status status="PASS" start="2025-05-26T10:43:56.183732" elapsed="0.000000"/>
</kw>
<kw name="Dictionary Should Contain Key" owner="Collections">
<arg>${response.json()}</arg>
<arg>title</arg>
<doc>Fails if ``key`` is not found from ``dictionary``.</doc>
<status status="PASS" start="2025-05-26T10:43:56.183732" elapsed="0.000000"/>
</kw>
<status status="PASS" start="2025-05-26T10:43:56.078907" elapsed="0.104825"/>
</test>
<test id="s1-s1-s5-t2" name="POST - Criar novo post" line="15">
<kw name="Create Session" owner="RequestsLibrary">
<msg time="2025-05-26T10:43:56.183732" level="INFO">Creating Session using : alias=jsonplaceholder, url=https://jsonplaceholder.typicode.com, headers={},                     cookies={}, auth=None, timeout=None, proxies=None, verify=False,                     debug=0 </msg>
<arg>jsonplaceholder</arg>
<arg>${BASE_URL}</arg>
<doc>Create Session: create a HTTP session to a server</doc>
<status status="PASS" start="2025-05-26T10:43:56.183732" elapsed="0.000000"/>
</kw>
<kw name="Create Dictionary" owner="BuiltIn">
<msg time="2025-05-26T10:43:56.183732" level="INFO">${body} = {'title': 'Teste Novo Post', 'body': 'Corpo do post', 'userId': '1'}</msg>
<var>${body}</var>
<arg>title=Teste Novo Post</arg>
<arg>body=Corpo do post</arg>
<arg>userId=1</arg>
<doc>Creates and returns a dictionary based on the given ``items``.</doc>
<status status="PASS" start="2025-05-26T10:43:56.183732" elapsed="0.000000"/>
</kw>
<kw name="Create Dictionary" owner="BuiltIn">
<msg time="2025-05-26T10:43:56.183732" level="INFO">${headers} = {'Content-Type': 'application/json'}</msg>
<var>${headers}</var>
<arg>Content-Type=application/json</arg>
<doc>Creates and returns a dictionary based on the given ``items``.</doc>
<status status="PASS" start="2025-05-26T10:43:56.183732" elapsed="0.000000"/>
</kw>
<kw name="POST On Session" owner="RequestsLibrary">
<msg time="2025-05-26T10:43:56.585100" level="INFO">POST Request : url=https://jsonplaceholder.typicode.com/posts 
 path_url=/posts 
 headers={'User-Agent': 'python-requests/2.32.3', 'Accept-Encoding': 'gzip, deflate', 'Accept': '*/*', 'Connection': 'keep-alive', 'Content-Type': 'application/json', 'Content-Length': '68'} 
 body=b'{"title": "Teste Novo Post", "body": "Corpo do post", "userId": "1"}' 
 </msg>
<msg time="2025-05-26T10:43:56.585100" level="INFO">POST Response : url=https://jsonplaceholder.typicode.com/posts 
 status=201, reason=Created 
 headers={'Date': 'Mon, 26 May 2025 13:43:57 GMT', 'Content-Type': 'application/json; charset=utf-8', 'Content-Length': '89', 'Connection': 'keep-alive', 'Access-Control-Allow-Credentials': 'true', 'Access-Control-Expose-Headers': 'Location', 'Cache-Control': 'no-cache', 'Etag': 'W/"59-APHnHolMi6rfnH91P86y/xNjQEY"', 'Expires': '-1', 'Location': 'https://jsonplaceholder.typicode.com/posts/101', 'Nel': '{"report_to":"heroku-nel","response_headers":["Via"],"max_age":3600,"success_fraction":0.01,"failure_fraction":0.1}', 'Pragma': 'no-cache', 'Report-To': '{"group":"heroku-nel","endpoints":[{"url":"https://nel.heroku.com/reports?s=LBOkjVTva9ypxMA8QGyCDQTNQNgXqnQEwJefA9sLK9w%3D\\u0026sid=e11707d5-02a7-43ef-b45e-2cf4d2036f7d\\u0026ts=1748267037"}],"max_age":3600}', 'Reporting-Endpoints': 'heroku-nel="https://nel.heroku.com/reports?s=LBOkjVTva9ypxMA8QGyCDQTNQNgXqnQEwJefA9sLK9w%3D&amp;sid=e11707d5-02a7-43ef-b45e-2cf4d2036f7d&amp;ts=1748267037"', 'Server': 'cloudflare', 'Vary': 'Origin, X-HTTP-Method-Override, Accept-Encoding', 'Via': '2.0 heroku-router', 'X-Content-Type-Options': 'nosniff', 'X-Powered-By': 'Express', 'X-Ratelimit-Limit': '1000', 'X-Ratelimit-Remaining': '996', 'X-Ratelimit-Reset': '1748267068', 'Cf-Cache-Status': 'DYNAMIC', 'CF-RAY': '945db453aa969ad4-GRU', 'alt-svc': 'h3=":443"; ma=86400'} 
 body={
  "title": "Teste Novo Post",
  "body": "Corpo do post",
  "userId": "1",
  "id": 101
} 
 </msg>
<msg time="2025-05-26T10:43:56.585100" level="INFO">C:\Users\larissapacheco\AppData\Local\Programs\Python\Python312\Lib\site-packages\urllib3\connectionpool.py:1097: InsecureRequestWarning: Unverified HTTPS request is being made to host 'jsonplaceholder.typicode.com'. Adding certificate verification is strongly advised. See: https://urllib3.readthedocs.io/en/latest/advanced-usage.html#tls-warnings
  warnings.warn(</msg>
<msg time="2025-05-26T10:43:56.585100" level="INFO">${response} = &lt;Response [201]&gt;</msg>
<var>${response}</var>
<arg>jsonplaceholder</arg>
<arg>/posts</arg>
<arg>json=${body}</arg>
<arg>headers=${headers}</arg>
<doc>Sends a POST request on a previously created HTTP Session.</doc>
<status status="PASS" start="2025-05-26T10:43:56.183732" elapsed="0.401368"/>
</kw>
<kw name="Should Be Equal As Integers" owner="BuiltIn">
<msg time="2025-05-26T10:43:56.585100" level="INFO">Argument types are:
&lt;class 'int'&gt;
&lt;class 'str'&gt;</msg>
<arg>${response.status_code}</arg>
<arg>201</arg>
<doc>Fails if objects are unequal after converting them to integers.</doc>
<status status="PASS" start="2025-05-26T10:43:56.585100" elapsed="0.000000"/>
</kw>
<kw name="Dictionary Should Contain Key" owner="Collections">
<arg>${response.json()}</arg>
<arg>id</arg>
<doc>Fails if ``key`` is not found from ``dictionary``.</doc>
<status status="PASS" start="2025-05-26T10:43:56.585100" elapsed="0.000000"/>
</kw>
<status status="PASS" start="2025-05-26T10:43:56.183732" elapsed="0.401368"/>
</test>
<test id="s1-s1-s5-t3" name="PUT - Atualizar post existente" line="23">
<kw name="Create Session" owner="RequestsLibrary">
<msg time="2025-05-26T10:43:56.585100" level="INFO">Creating Session using : alias=jsonplaceholder, url=https://jsonplaceholder.typicode.com, headers={},                     cookies={}, auth=None, timeout=None, proxies=None, verify=False,                     debug=0 </msg>
<arg>jsonplaceholder</arg>
<arg>${BASE_URL}</arg>
<doc>Create Session: create a HTTP session to a server</doc>
<status status="PASS" start="2025-05-26T10:43:56.585100" elapsed="0.000000"/>
</kw>
<kw name="Create Dictionary" owner="BuiltIn">
<msg time="2025-05-26T10:43:56.585100" level="INFO">${body} = {'id': '1', 'title': 'Atualizado', 'body': 'Texto atualizado', 'userId': '1'}</msg>
<var>${body}</var>
<arg>id=1</arg>
<arg>title=Atualizado</arg>
<arg>body=Texto atualizado</arg>
<arg>userId=1</arg>
<doc>Creates and returns a dictionary based on the given ``items``.</doc>
<status status="PASS" start="2025-05-26T10:43:56.585100" elapsed="0.000000"/>
</kw>
<kw name="Create Dictionary" owner="BuiltIn">
<msg time="2025-05-26T10:43:56.585100" level="INFO">${headers} = {'Content-Type': 'application/json'}</msg>
<var>${headers}</var>
<arg>Content-Type=application/json</arg>
<doc>Creates and returns a dictionary based on the given ``items``.</doc>
<status status="PASS" start="2025-05-26T10:43:56.585100" elapsed="0.000000"/>
</kw>
<kw name="PUT On Session" owner="RequestsLibrary">
<msg time="2025-05-26T10:43:57.032925" level="INFO">PUT Request : url=https://jsonplaceholder.typicode.com/posts/1 
 path_url=/posts/1 
 headers={'User-Agent': 'python-requests/2.32.3', 'Accept-Encoding': 'gzip, deflate', 'Accept': '*/*', 'Connection': 'keep-alive', 'Content-Type': 'application/json', 'Content-Length': '77'} 
 body=b'{"id": "1", "title": "Atualizado", "body": "Texto atualizado", "userId": "1"}' 
 </msg>
<msg time="2025-05-26T10:43:57.032925" level="INFO">PUT Response : url=https://jsonplaceholder.typicode.com/posts/1 
 status=200, reason=OK 
 headers={'Date': 'Mon, 26 May 2025 13:43:57 GMT', 'Content-Type': 'application/json; charset=utf-8', 'Transfer-Encoding': 'chunked', 'Connection': 'keep-alive', 'Access-Control-Allow-Credentials': 'true', 'Cache-Control': 'no-cache', 'Etag': 'W/"55-GMhq5i1UYO84xmKqZ27P7zvMDDo"', 'Expires': '-1', 'Nel': '{"report_to":"heroku-nel","response_headers":["Via"],"max_age":3600,"success_fraction":0.01,"failure_fraction":0.1}', 'Pragma': 'no-cache', 'Report-To': '{"group":"heroku-nel","endpoints":[{"url":"https://nel.heroku.com/reports?s=LBOkjVTva9ypxMA8QGyCDQTNQNgXqnQEwJefA9sLK9w%3D\\u0026sid=e11707d5-02a7-43ef-b45e-2cf4d2036f7d\\u0026ts=1748267037"}],"max_age":3600}', 'Reporting-Endpoints': 'heroku-nel="https://nel.heroku.com/reports?s=LBOkjVTva9ypxMA8QGyCDQTNQNgXqnQEwJefA9sLK9w%3D&amp;sid=e11707d5-02a7-43ef-b45e-2cf4d2036f7d&amp;ts=1748267037"', 'Server': 'cloudflare', 'Vary': 'Origin, Accept-Encoding', 'Via': '2.0 heroku-router', 'X-Content-Type-Options': 'nosniff', 'X-Powered-By': 'Express', 'X-Ratelimit-Limit': '1000', 'X-Ratelimit-Remaining': '995', 'X-Ratelimit-Reset': '1748267068', 'Cf-Cache-Status': 'DYNAMIC', 'Content-Encoding': 'gzip', 'CF-RAY': '945db456696a6b1e-GRU', 'alt-svc': 'h3=":443"; ma=86400'} 
 body={
  "id": 1,
  "title": "Atualizado",
  "body": "Texto atualizado",
  "userId": "1"
} 
 </msg>
<msg time="2025-05-26T10:43:57.032925" level="INFO">C:\Users\larissapacheco\AppData\Local\Programs\Python\Python312\Lib\site-packages\urllib3\connectionpool.py:1097: InsecureRequestWarning: Unverified HTTPS request is being made to host 'jsonplaceholder.typicode.com'. Adding certificate verification is strongly advised. See: https://urllib3.readthedocs.io/en/latest/advanced-usage.html#tls-warnings
  warnings.warn(</msg>
<msg time="2025-05-26T10:43:57.033359" level="INFO">${response} = &lt;Response [200]&gt;</msg>
<var>${response}</var>
<arg>jsonplaceholder</arg>
<arg>/posts/1</arg>
<arg>json=${body}</arg>
<arg>headers=${headers}</arg>
<doc>Sends a PUT request on a previously created HTTP Session.</doc>
<status status="PASS" start="2025-05-26T10:43:56.585100" elapsed="0.448259"/>
</kw>
<kw name="Should Be Equal As Integers" owner="BuiltIn">
<msg time="2025-05-26T10:43:57.034347" level="INFO">Argument types are:
&lt;class 'int'&gt;
&lt;class 'str'&gt;</msg>
<arg>${response.status_code}</arg>
<arg>200</arg>
<doc>Fails if objects are unequal after converting them to integers.</doc>
<status status="PASS" start="2025-05-26T10:43:57.033359" elapsed="0.001438"/>
</kw>
<kw name="Should Be Equal As Strings" owner="BuiltIn">
<arg>${response.json()['title']}</arg>
<arg>Atualizado</arg>
<doc>Fails if objects are unequal after converting them to strings.</doc>
<status status="PASS" start="2025-05-26T10:43:57.034797" elapsed="0.000000"/>
</kw>
<status status="PASS" start="2025-05-26T10:43:56.585100" elapsed="0.449697"/>
</test>
<test id="s1-s1-s5-t4" name="DELETE - Remover post" line="31">
<kw name="Create Session" owner="RequestsLibrary">
<msg time="2025-05-26T10:43:57.035977" level="INFO">Creating Session using : alias=jsonplaceholder, url=https://jsonplaceholder.typicode.com, headers={},                     cookies={}, auth=None, timeout=None, proxies=None, verify=False,                     debug=0 </msg>
<arg>jsonplaceholder</arg>
<arg>${BASE_URL}</arg>
<doc>Create Session: create a HTTP session to a server</doc>
<status status="PASS" start="2025-05-26T10:43:57.035977" elapsed="0.000000"/>
</kw>
<kw name="DELETE On Session" owner="RequestsLibrary">
<msg time="2025-05-26T10:43:57.446361" level="INFO">DELETE Request : url=https://jsonplaceholder.typicode.com/posts/1 
 path_url=/posts/1 
 headers={'User-Agent': 'python-requests/2.32.3', 'Accept-Encoding': 'gzip, deflate', 'Accept': '*/*', 'Connection': 'keep-alive', 'Content-Length': '0'} 
 body=None 
 </msg>
<msg time="2025-05-26T10:43:57.446361" level="INFO">DELETE Response : url=https://jsonplaceholder.typicode.com/posts/1 
 status=200, reason=OK 
 headers={'Date': 'Mon, 26 May 2025 13:43:57 GMT', 'Content-Type': 'application/json; charset=utf-8', 'Transfer-Encoding': 'chunked', 'Connection': 'keep-alive', 'Access-Control-Allow-Credentials': 'true', 'Cache-Control': 'no-cache', 'Etag': 'W/"2-vyGp6PvFo4RvsFtPoIWeCReyIC8"', 'Expires': '-1', 'Nel': '{"report_to":"heroku-nel","response_headers":["Via"],"max_age":3600,"success_fraction":0.01,"failure_fraction":0.1}', 'Pragma': 'no-cache', 'Report-To': '{"group":"heroku-nel","endpoints":[{"url":"https://nel.heroku.com/reports?s=LBOkjVTva9ypxMA8QGyCDQTNQNgXqnQEwJefA9sLK9w%3D\\u0026sid=e11707d5-02a7-43ef-b45e-2cf4d2036f7d\\u0026ts=1748267037"}],"max_age":3600}', 'Reporting-Endpoints': 'heroku-nel="https://nel.heroku.com/reports?s=LBOkjVTva9ypxMA8QGyCDQTNQNgXqnQEwJefA9sLK9w%3D&amp;sid=e11707d5-02a7-43ef-b45e-2cf4d2036f7d&amp;ts=1748267037"', 'Server': 'cloudflare', 'Vary': 'Origin, Accept-Encoding', 'Via': '2.0 heroku-router', 'X-Content-Type-Options': 'nosniff', 'X-Powered-By': 'Express', 'X-Ratelimit-Limit': '1000', 'X-Ratelimit-Remaining': '994', 'X-Ratelimit-Reset': '1748267068', 'Cf-Cache-Status': 'DYNAMIC', 'Content-Encoding': 'gzip', 'CF-RAY': '945db4590802407e-GRU', 'alt-svc': 'h3=":443"; ma=86400'} 
 body={} 
 </msg>
<msg time="2025-05-26T10:43:57.446361" level="INFO">C:\Users\larissapacheco\AppData\Local\Programs\Python\Python312\Lib\site-packages\urllib3\connectionpool.py:1097: InsecureRequestWarning: Unverified HTTPS request is being made to host 'jsonplaceholder.typicode.com'. Adding certificate verification is strongly advised. See: https://urllib3.readthedocs.io/en/latest/advanced-usage.html#tls-warnings
  warnings.warn(</msg>
<msg time="2025-05-26T10:43:57.446361" level="INFO">${response} = &lt;Response [200]&gt;</msg>
<var>${response}</var>
<arg>jsonplaceholder</arg>
<arg>/posts/1</arg>
<doc>Sends a DELETE request on a previously created HTTP Session.</doc>
<status status="PASS" start="2025-05-26T10:43:57.035977" elapsed="0.410384"/>
</kw>
<kw name="Should Be Equal As Integers" owner="BuiltIn">
<msg time="2025-05-26T10:43:57.446361" level="INFO">Argument types are:
&lt;class 'int'&gt;
&lt;class 'str'&gt;</msg>
<arg>${response.status_code}</arg>
<arg>200</arg>
<doc>Fails if objects are unequal after converting them to integers.</doc>
<status status="PASS" start="2025-05-26T10:43:57.446361" elapsed="0.000000"/>
</kw>
<status status="PASS" start="2025-05-26T10:43:57.035977" elapsed="0.410384"/>
</test>
<status status="PASS" start="2025-05-26T10:43:56.078907" elapsed="1.367454"/>
</suite>
<status status="PASS" start="2025-05-26T10:43:54.534521" elapsed="2.911840"/>
</suite>
<status status="PASS" start="2025-05-26T10:43:54.487649" elapsed="2.958712"/>
</suite>
<statistics>
<total>
<stat pass="8" fail="0" skip="0">All Tests</stat>
</total>
<tag>
</tag>
<suite>
<stat name="Robottests" id="s1" pass="8" fail="0" skip="0">Robottests</stat>
<stat name="APItest" id="s1-s1" pass="8" fail="0" skip="0">Robottests.APItest</stat>
<stat name="DELETE" id="s1-s1-s1" pass="1" fail="0" skip="0">Robottests.APItest.DELETE</stat>
<stat name="GET" id="s1-s1-s2" pass="1" fail="0" skip="0">Robottests.APItest.GET</stat>
<stat name="POST" id="s1-s1-s3" pass="1" fail="0" skip="0">Robottests.APItest.POST</stat>
<stat name="PUT" id="s1-s1-s4" pass="1" fail="0" skip="0">Robottests.APItest.PUT</stat>
<stat name="Testesdiversos" id="s1-s1-s5" pass="4" fail="0" skip="0">Robottests.APItest.Testesdiversos</stat>
</suite>
</statistics>
<errors>
</errors>
</robot>
